make all --print-data-base --no-builtin-variables --no-builtin-rules --question
# GNU Make 3.81
# Copyright (C) 2006  Free Software Foundation, Inc.
# This is free software; see the source for copying conditions.
# There is NO warranty; not even for MERCHANTABILITY or FITNESS FOR A
# PARTICULAR PURPOSE.

# This program built for i386-apple-darwin11.3.0
 

# Make data base, printed on Thu Jun  2 15:12:39 2022

# Variables

# automatic
<D = $(patsubst %/,%,$(dir $<))
# automatic
?F = $(notdir $?)
# environment
VSCODE_LOG_NATIVE = false
# automatic
?D = $(patsubst %/,%,$(dir $?))
# automatic
@D = $(patsubst %/,%,$(dir $@))
# automatic
@F = $(notdir $@)
# makefile
CURDIR := /Users/ChelseyLeonia/Desktop/ft_irc
# makefile
SHELL = /bin/sh
# makefile (from `Makefile', line 20)
BOT_DIR = bot
# environment
VSCODE_NLS_CONFIG = {"locale":"en-gb","availableLanguages":{},"_languagePackSupport":true}
# environment
_ = /usr/bin/make
# makefile (from `Makefile', line 1)
MAKEFILE_LIST :=  Makefile
# makefile (from `Makefile', line 12)
OBJ_DIR = objs
# environment
VSCODE_VERBOSE_LOGGING = true
# makefile (from `Makefile', line 13)
OBJS = $(addprefix $(OBJ_DIR)/, $(SRCS:.cpp=.o))
# makefile (from `Makefile', line 23)
BOT_OBJS = $(addprefix $(OBJ_DIR)/, $(BOT_SRCS:.cpp=.o))
# environment
VSCODE_IPC_HOOK_EXTHOST = /var/folders/by/0dxdpnlj3q3_2qsjjscyy6k40000gn/T/vscode-ipc-bd3fbfd6-b6f5-43f0-966d-d37d3768ebc6.sock
# makefile (from `Makefile', line 3)
CPP = c++ -g 
# environment
VSCODE_CWD = /
# environment
PATH = /usr/local/bin:/usr/bin:/bin:/usr/sbin:/sbin:/usr/local/share/dotnet:~/.dotnet/tools:/Library/Apple/usr/bin:/Library/Frameworks/Mono.framework/Versions/Current/Commands
# environment
LSCOLORS = Gxfxcxdxbxegedabagacad
# makefile (from `Makefile', line 16)
B_SRCS = main.cpp Bot.cpp Input.cpp Symbol.cpp
# environment
VSCODE_LOG_STACK = false
# environment
ELECTRON_RUN_AS_NODE = 1
# default
.FEATURES := target-specific order-only second-expansion else-if archives jobserver check-symlink
# environment
SSH_AUTH_SOCK = /private/tmp/com.apple.launchd.QCYadywJXT/Listeners
# automatic
%F = $(notdir $%)
# makefile (from `Makefile', line 22)
BOT_OBJ_DIR = $(OBJ_DIR)/bot
# environment
VSCODE_PIPE_LOGGING = true
# environment
PWD = /Users/ChelseyLeonia/Desktop/ft_irc
# environment
ORIGINAL_XDG_CURRENT_DESKTOP = undefined
# environment
VSCODE_AMD_ENTRYPOINT = vs/workbench/api/node/extensionHostProcess
# environment
HOME = /Users/ChelseyLeonia
# default
MAKEFILEPATH = $(shell /usr/bin/xcode-select -print-path 2>/dev/null || echo /Developer)/Makefiles
# environment
VSCODE_CODE_CACHE_PATH = /Users/ChelseyLeonia/Library/Application Support/Code/CachedData/dfd34e8260c270da74b5c2d86d61aee4b6d56977
# environment
LOGNAME = ChelseyLeonia
# environment
APPLICATION_INSIGHTS_NO_DIAGNOSTIC_CHANNEL = 1
# environment
ZSH = /Users/ChelseyLeonia/.oh-my-zsh
# environment
VSCODE_HANDLES_UNCAUGHT_ERRORS = true
# automatic
^D = $(patsubst %/,%,$(dir $^))
# makefile (from `Makefile', line 21)
BOT_SRCS = $(addprefix $(BOT_DIR)/, $(B_SRCS))
# environment
XPC_FLAGS = 0x0
# default
MAKE = $(MAKE_COMMAND)
# default
MAKECMDGOALS := all
# makefile (from `Makefile', line 4)
SRCS = Server.cpp Server_commands.cpp User.cpp Channel.cpp Input.cpp main.cpp colorCout.cpp sendServerReply.cpp
# environment
SHLVL = 1
# default
MAKE_VERSION := 3.81
# environment
USER = ChelseyLeonia
# makefile
.DEFAULT_GOAL := all
# makefile (from `Makefile', line 2)
INCLUDE = include/
# makefile (from `Makefile', line 1)
NAME = ircserv
# environment
LESS = -R
# automatic
%D = $(patsubst %/,%,$(dir $%))
# default
MAKE_COMMAND := /Library/Developer/CommandLineTools/usr/bin/make
# default
.VARIABLES := 
# environment
TMPDIR = /var/folders/by/0dxdpnlj3q3_2qsjjscyy6k40000gn/T/
# automatic
*F = $(notdir $*)
# environment
VSCODE_IPC_HOOK = /Users/ChelseyLeonia/Library/Application Support/Code/1.66.2-main.sock
# makefile
MAKEFLAGS = Rrqp
# environment
MFLAGS = -Rrqp
# automatic
*D = $(patsubst %/,%,$(dir $*))
# environment
XPC_SERVICE_NAME = com.microsoft.VSCode.11584
# automatic
+D = $(patsubst %/,%,$(dir $+))
# automatic
+F = $(notdir $+)
# environment
__CF_USER_TEXT_ENCODING = 0x1F5:0x0:0x0
# default
MAKEFILES := 
# automatic
<F = $(notdir $<)
# environment
PAGER = less
# environment
LC_ALL = C
# automatic
^F = $(notdir $^)
# default
SUFFIXES := 
# default
.INCLUDE_DIRS = /usr/local/include
# environment
MAKELEVEL := 0
# environment
LANG = C
# environment
VSCODE_PID = 3299
# makefile (from `Makefile', line 15)
MEBOT = mebot
# variable set hash-table stats:
# Load=76/1024=7%, Rehash=0, Collisions=5/119=4%

# Pattern-specific Variable Values

# No pattern-specific variable values.

# Directories

# . (device 16777220, inode 12891448417): 27 files, no impossibilities.

# 27 files, no impossibilities in 1 directories.

# Implicit Rules

objs/%.o: %.cpp
#  commands to execute (from `Makefile', line 41):
	$(CPP) -c $< -o $@
	

# 1 implicit rules, 0 (0.0%) terminal.

# Files

# Not a target:
objs/bot/main.o:
#  Implicit rule search has not been done.
#  Modification time never checked.
#  File has not been updated.

# Not a target:
Channel.cpp:
#  Implicit rule search has been done.
#  Last modified 2022-06-01 17:44:23
#  File has been updated.
#  Successfully updated.
# variable set hash-table stats:
# Load=0/32=0%, Rehash=0, Collisions=0/0=0%

# Not a target:
sendServerReply.cpp:
#  Implicit rule search has been done.
#  Last modified 2022-05-30 16:25:49
#  File has been updated.
#  Successfully updated.
# variable set hash-table stats:
# Load=0/32=0%, Rehash=0, Collisions=0/0=0%

objs/main.o: main.cpp
#  Implicit rule search has been done.
#  Implicit/static pattern stem: `main'
#  Last modified 2022-05-29 15:50:37
#  File has been updated.
#  Successfully updated.
# variable set hash-table stats:
# Load=0/32=0%, Rehash=0, Collisions=0/0=0%
#  commands to execute (from `Makefile', line 41):
	$(CPP) -c $< -o $@
	

all: ircserv
#  Phony target (prerequisite of .PHONY).
#  Command-line target.
#  Implicit rule search has not been done.
#  File does not exist.
#  File has been updated.
#  Successfully updated.
# variable set hash-table stats:
# Load=0/32=0%, Rehash=0, Collisions=0/0=0%

# Not a target:
Input.cpp:
#  Implicit rule search has been done.
#  Last modified 2022-05-10 19:20:11
#  File has been updated.
#  Successfully updated.
# variable set hash-table stats:
# Load=0/32=0%, Rehash=0, Collisions=0/0=0%

objs/Channel.o: Channel.cpp
#  Implicit rule search has been done.
#  Implicit/static pattern stem: `Channel'
#  Last modified 2022-06-01 17:44:56
#  File has been updated.
#  Successfully updated.
# variable set hash-table stats:
# Load=0/32=0%, Rehash=0, Collisions=0/0=0%
#  commands to execute (from `Makefile', line 41):
	$(CPP) -c $< -o $@
	

.PHONY: all clean fclean re
#  Implicit rule search has not been done.
#  Modification time never checked.
#  File has not been updated.

objs/sendServerReply.o: sendServerReply.cpp
#  Implicit rule search has been done.
#  Implicit/static pattern stem: `sendServerReply'
#  Last modified 2022-05-30 16:27:56
#  File has been updated.
#  Successfully updated.
# variable set hash-table stats:
# Load=0/32=0%, Rehash=0, Collisions=0/0=0%
#  commands to execute (from `Makefile', line 41):
	$(CPP) -c $< -o $@
	

# Not a target:
objs/bot/Bot.o:
#  Implicit rule search has not been done.
#  Modification time never checked.
#  File has not been updated.

# Not a target:
objs/bot/Input.o:
#  Implicit rule search has not been done.
#  Modification time never checked.
#  File has not been updated.

# Not a target:
.SUFFIXES:
#  Implicit rule search has not been done.
#  Modification time never checked.
#  File has not been updated.

# Not a target:
Makefile:
#  Implicit rule search has been done.
#  Last modified 2022-06-02 15:12:35
#  File has been updated.
#  Successfully updated.
# variable set hash-table stats:
# Load=0/32=0%, Rehash=0, Collisions=0/0=0%

objs/bot:
#  Implicit rule search has not been done.
#  Modification time never checked.
#  File has not been updated.
#  commands to execute (from `Makefile', line 39):
	mkdir -p $@
	

# Not a target:
colorCout.cpp:
#  Implicit rule search has been done.
#  Last modified 2022-05-10 16:22:36
#  File has been updated.
#  Successfully updated.
# variable set hash-table stats:
# Load=0/32=0%, Rehash=0, Collisions=0/0=0%

ircserv: objs objs/Server.o objs/Server_commands.o objs/User.o objs/Channel.o objs/Input.o objs/main.o objs/colorCout.o objs/sendServerReply.o
 
#  Implicit rule search has not been done.
#  Last modified 2022-06-01 19:29:21
#  File has been updated.
#  Successfully updated.
# variable set hash-table stats:
# Load=0/32=0%, Rehash=0, Collisions=0/0=0%
#  commands to execute (from `Makefile', line 34):
	$(CPP) $(OBJS) -o $(NAME)
	

objs/Input.o: Input.cpp
#  Implicit rule search has been done.
#  Implicit/static pattern stem: `Input'
#  Last modified 2022-05-28 12:10:10
#  File has been updated.
#  Successfully updated.
# variable set hash-table stats:
# Load=0/32=0%, Rehash=0, Collisions=0/0=0%
#  commands to execute (from `Makefile', line 41):
	$(CPP) -c $< -o $@
	

debug:
#  Implicit rule search has not been done.
#  Modification time never checked.
#  File has not been updated.
#  commands to execute (from `Makefile', line 47):
	$(CPP) -o $(NAME) -gdwarf $(SRCS)
	

# Not a target:
Server_commands.cpp:
#  Implicit rule search has been done.
#  Last modified 2022-06-01 17:44:23
#  File has been updated.
#  Successfully updated.
# variable set hash-table stats:
# Load=0/32=0%, Rehash=0, Collisions=0/0=0%

# Not a target:
User.cpp:
#  Implicit rule search has been done.
#  Last modified 2022-05-29 15:49:05
#  File has been updated.
#  Successfully updated.
# variable set hash-table stats:
# Load=0/32=0%, Rehash=0, Collisions=0/0=0%

objs/colorCout.o: colorCout.cpp
#  Implicit rule search has been done.
#  Implicit/static pattern stem: `colorCout'
#  Last modified 2022-05-28 12:10:12
#  File has been updated.
#  Successfully updated.
# variable set hash-table stats:
# Load=0/32=0%, Rehash=0, Collisions=0/0=0%
#  commands to execute (from `Makefile', line 41):
	$(CPP) -c $< -o $@
	

objs:
#  Implicit rule search has not been done.
#  Last modified 2022-06-01 17:45:16
#  File has been updated.
#  Successfully updated.
#  commands to execute (from `Makefile', line 28):
	mkdir -p $@
	

objs/Server_commands.o: Server_commands.cpp
#  Implicit rule search has been done.
#  Implicit/static pattern stem: `Server_commands'
#  Last modified 2022-06-01 17:44:55
#  File has been updated.
#  Successfully updated.
# variable set hash-table stats:
# Load=0/32=0%, Rehash=0, Collisions=0/0=0%
#  commands to execute (from `Makefile', line 41):
	$(CPP) -c $< -o $@
	

fclean: clean
#  Phony target (prerequisite of .PHONY).
#  Implicit rule search has not been done.
#  File does not exist.
#  File has not been updated.
#  commands to execute (from `Makefile', line 53):
	rm -f $(NAME) $(MEBOT)
	

objs/User.o: User.cpp
#  Implicit rule search has been done.
#  Implicit/static pattern stem: `User'
#  Last modified 2022-05-29 15:50:33
#  File has been updated.
#  Successfully updated.
# variable set hash-table stats:
# Load=0/32=0%, Rehash=0, Collisions=0/0=0%
#  commands to execute (from `Makefile', line 41):
	$(CPP) -c $< -o $@
	

# Not a target:
objs/bot/Symbol.o:
#  Implicit rule search has not been done.
#  Modification time never checked.
#  File has not been updated.

# Not a target:
.DEFAULT:
#  Implicit rule search has not been done.
#  Modification time never checked.
#  File has not been updated.

mebot: objs/bot objs/bot/main.o objs/bot/Bot.o objs/bot/Input.o objs/bot/Symbol.o
#  Implicit rule search has not been done.
#  Modification time never checked.
#  File has not been updated.
#  commands to execute (from `Makefile', line 43):
	$(CPP) $(BOT_OBJS) -o $(MEBOT)
	

re: fclean all
#  Phony target (prerequisite of .PHONY).
#  Implicit rule search has not been done.
#  File does not exist.
#  File has not been updated.

clean:
#  Phony target (prerequisite of .PHONY).
#  Implicit rule search has not been done.
#  File does not exist.
#  File has not been updated.
#  commands to execute (from `Makefile', line 50):
	rm -rf $(OBJ_DIR)
	

# Not a target:
Server.cpp:
#  Implicit rule search has been done.
#  Last modified 2022-06-01 17:44:23
#  File has been updated.
#  Successfully updated.
# variable set hash-table stats:
# Load=0/32=0%, Rehash=0, Collisions=0/0=0%

# Not a target:
main.cpp:
#  Implicit rule search has been done.
#  Last modified 2022-05-29 15:49:05
#  File has been updated.
#  Successfully updated.
# variable set hash-table stats:
# Load=0/32=0%, Rehash=0, Collisions=0/0=0%

objs/Server.o: Server.cpp
#  Implicit rule search has been done.
#  Implicit/static pattern stem: `Server'
#  Last modified 2022-06-01 17:44:53
#  File has been updated.
#  Successfully updated.
# variable set hash-table stats:
# Load=0/32=0%, Rehash=0, Collisions=0/0=0%
#  commands to execute (from `Makefile', line 41):
	$(CPP) -c $< -o $@
	

# files hash-table stats:
# Load=33/1024=3%, Rehash=0, Collisions=3/92=3%
# VPATH Search Paths

# No `vpath' search paths.

# No general (`VPATH' variable) search path.

# # of strings in strcache: 1
# # of strcache buffers: 1
# strcache size: total = 4096 / max = 4096 / min = 4096 / avg = 4096
# strcache free: total = 4087 / max = 4087 / min = 4087 / avg = 4087

# Finished Make data base on Thu Jun  2 15:12:39 2022

 
